<?xml version="1.0" encoding="UTF-8"?>
<!-- Generated by org.testng.reporters.JUnitXMLReporter -->
<testsuite ignored="0" hostname="LAPTOP-3JRU7OQF" failures="1" tests="6" name="Chrome" time="18.574" errors="0" timestamp="2022-09-23T22:39:34 IST">
  <testcase classname="test.verifySexOptions" name="verifyCustomButtons" time="1.303"/>
  <testcase classname="test.verifyBirthday" name="verifyBirthday" time="2.323">
    <failure type="java.lang.AssertionError" message="The following asserts failed:
	expected [true] but found [false],
	expected [true] but found [false],
	expected [true] but found [false]">
      <![CDATA[java.lang.AssertionError: The following asserts failed:
expected [true] but found [false],
expected [true] but found [false],
expected [true] but found [false]
at test.verifyBirthday.verifyBirthday(verifyBirthday.java:68)
at java.base/java.util.concurrent.ThreadPoolExecutor.runWorker(ThreadPoolExecutor.java:1136)
at java.base/java.util.concurrent.ThreadPoolExecutor$Worker.run(ThreadPoolExecutor.java:635)
at java.base/java.lang.Thread.run(Thread.java:833)
... Removed 12 stack frames]]>
    </failure>
  </testcase> <!-- verifyBirthday -->
  <testcase classname="test.VerifyAttributeValueCreateNewAccount" name="verifyAttributeValueFirstName" time="2.3"/>
  <testcase classname="test.verifySexOptions" name="verifySexButtons" time="0.746"/>
  <testcase classname="test.VerifyAttributeValueCreateNewAccount" name="verifyAttributeValueLastName" time="0.807"/>
  <testcase classname="test.VerifyAttributeValueCreateNewAccount" name="verifyAttributeValueMobileEmailId" time="0.485"/>
</testsuite> <!-- Chrome -->
